<?xml version="1.0" encoding="UTF-8"?>
<testng-results ignored="0" total="1" passed="1" failed="0" skipped="0">
  <reporter-output>
  </reporter-output>
  <suite started-at="2023-07-17T12:09:36 IST" name="Default suite" finished-at="2023-07-17T12:09:45 IST" duration-ms="9099">
    <groups>
    </groups>
    <test started-at="2023-07-17T12:09:36 IST" name="Default test" finished-at="2023-07-17T12:09:45 IST" duration-ms="9099">
      <class name="f1_TestCases.T01_TextBox">
        <test-method signature="textBox()[pri:0, instance:f1_TestCases.T01_TextBox@43bc63a3]" started-at="2023-07-17T12:09:36 IST" name="textBox" finished-at="2023-07-17T12:09:45 IST" duration-ms="9043" status="PASS">
          <reporter-output>
          </reporter-output>
        </test-method> <!-- textBox -->
      </class> <!-- f1_TestCases.T01_TextBox -->
    </test> <!-- Default test -->
  </suite> <!-- Default suite -->
</testng-results>
