<?xml version="1.0" encoding="UTF-8"?>
<!-- Generated by org.testng.reporters.JUnitXMLReporter -->
<testsuite ignored="1" hostname="LAPTOP-J1S491B6" failures="0" tests="1" name="Default test" time="9.099" errors="0" timestamp="2023-07-17T12:09:45 IST">
  <testcase classname="f1_TestCases.T01_TextBox" name="textBox" time="9.043"/>
  <testcase classname="f1_TestCases.T01_TextBox" name="openGoogle" time="0.0">
    <ignored/>
  </testcase> <!-- openGoogle -->
</testsuite> <!-- Default test -->
